<?xml version="1.0" encoding="UTF-8"?>
<!-- Generated by org.testng.reporters.JUnitReportReporter -->
<testsuite hostname="DESKTOP-VCU6G2J" failures="0" tests="1" name="com.smipleTest.SimpleCrude" time="3.735" errors="0" timestamp="2022-10-22T13:02:03 EDT" skipped="0">
  <testcase classname="com.smipleTest.SimpleCrude" name="FirstTest" time="3.735"/>
  <system-out/>
</testsuite> <!-- com.smipleTest.SimpleCrude -->
