<?xml version="1.0" encoding="UTF-8"?>
<!-- Generated by org.testng.reporters.JUnitReportReporter -->
<testsuite hostname="DESKTOP-VCU6G2J" failures="0" tests="1" name="com.smipleTest.Login" time="6.161" errors="0" timestamp="2022-10-21T17:59:20 EDT" skipped="0">
  <testcase classname="com.smipleTest.Login" name="LoginToApi" time="6.161"/>
  <system-out/>
</testsuite> <!-- com.smipleTest.Login -->
