<?xml version="1.0" encoding="UTF-8"?>
<!-- Generated by org.testng.reporters.JUnitReportReporter -->
<testsuite hostname="DESKTOP-VCU6G2J" failures="0" tests="5" name="com.smipleTest.TekarchLogin" time="14.531" errors="0" timestamp="2022-10-21T22:13:39 EDT" skipped="4">
  <testcase classname="com.smipleTest.TekarchLogin" name="GetUseDetails" time="14.531"/>
  <system-out/>
  <testcase classname="com.smipleTest.TekarchLogin" name="deleteUserInfo">
    <skipped/>
  </testcase> <!-- deleteUserInfo -->
  <system-out/>
  <testcase classname="com.smipleTest.TekarchLogin" name="LoginToApi">
    <skipped/>
  </testcase> <!-- LoginToApi -->
  <system-out/>
  <testcase classname="com.smipleTest.TekarchLogin" name="updateUserDetails">
    <skipped/>
  </testcase> <!-- updateUserDetails -->
  <system-out/>
  <testcase classname="com.smipleTest.TekarchLogin" name="CreateUserDetails">
    <skipped/>
  </testcase> <!-- CreateUserDetails -->
  <system-out/>
</testsuite> <!-- com.smipleTest.TekarchLogin -->
