<?xml version="1.0" encoding="UTF-8"?>
<!-- Generated by org.testng.reporters.JUnitReportReporter -->
<testsuite hostname="DESKTOP-VCU6G2J" failures="0" tests="1" name="com.smipleTest.Login1" time="1.907" errors="0" timestamp="2022-10-20T17:17:52 EDT" skipped="0">
  <testcase classname="com.smipleTest.Login1" name="LoginToApi" time="1.907"/>
  <system-out/>
</testsuite> <!-- com.smipleTest.Login1 -->
